/*C8*/SET SCHEMA PUBLIC
create table if not exists NAME ( id integer not null,  name varchar(50) not null,  primary key (id) )
create table if not exists NAME ( id integer not null,  name varchar(50) not null,  primary key (id) )
/*C13*/SET SCHEMA PUBLIC
\u000a    alter table TPerson \u000a       drop constraint UK58gbcq3p83fgxehg706edmoun
\u000a    alter table TPerson \u000a       add constraint UK58gbcq3p83fgxehg706edmoun unique (first_name, birth_day)
INSERT INTO TPERSON VALUES(23,'1960-10-10','Heba','Heb',0)
ALTER SEQUENCE PUBLIC.HIBERNATE_SEQUENCE RESTART WITH 24
COMMIT
ALTER SEQUENCE PUBLIC.HIBERNATE_SEQUENCE RESTART WITH 25
DISCONNECT
/*C8*/DISCONNECT
/*C9*/SET SCHEMA PUBLIC
DISCONNECT
/*C10*/SET SCHEMA PUBLIC
DISCONNECT
/*C11*/SET SCHEMA PUBLIC
DISCONNECT
/*C12*/SET SCHEMA PUBLIC
DISCONNECT
